[32m2025-09-04 00:21:31.075[0;39m [DEBUG] org.springframework.security.web.FilterChainProxy [http-nio-8080-exec-5] Securing OPTIONS /userdata/allusers
[32m2025-09-04 00:21:31.075[0;39m [DEBUG] org.springframework.security.web.FilterChainProxy [http-nio-8080-exec-4] Securing OPTIONS /userdata/allusers
[32m2025-09-04 00:21:31.091[0;39m [DEBUG] org.springframework.security.web.FilterChainProxy [http-nio-8080-exec-6] Securing GET /userdata/allusers
[32m2025-09-04 00:21:31.126[0;39m [DEBUG] org.springframework.security.web.FilterChainProxy [http-nio-8080-exec-6] Secured GET /userdata/allusers
[32m2025-09-04 00:21:31.127[0;39m [DEBUG] org.springframework.web.servlet.DispatcherServlet [http-nio-8080-exec-6] GET "/userdata/allusers", parameters={}
[32m2025-09-04 00:21:31.127[0;39m [TRACE] org.springframework.web.servlet.mvc.method.annotation.RequestMappingHandlerMapping [http-nio-8080-exec-6] Mapped to com.hexaware.fastx_busticketsystem.controller.UserDataController#getAllUsers()
[32m2025-09-04 00:21:31.129[0;39m [DEBUG] org.springframework.security.authorization.method.AuthorizationManagerBeforeMethodInterceptor [http-nio-8080-exec-6] Authorizing method invocation ReflectiveMethodInvocation: public java.util.List com.hexaware.fastx_busticketsystem.controller.UserDataController.getAllUsers(); target is of class [com.hexaware.fastx_busticketsystem.controller.UserDataController]
[32m2025-09-04 00:21:31.130[0;39m [DEBUG] org.springframework.security.authorization.method.AuthorizationManagerBeforeMethodInterceptor [http-nio-8080-exec-6] Authorized method invocation ReflectiveMethodInvocation: public java.util.List com.hexaware.fastx_busticketsystem.controller.UserDataController.getAllUsers(); target is of class [com.hexaware.fastx_busticketsystem.controller.UserDataController]
[32m2025-09-04 00:21:31.151[0;39m [DEBUG] org.springframework.web.servlet.mvc.method.annotation.RequestResponseBodyMethodProcessor [http-nio-8080-exec-6] Using 'application/json', given [application/json, text/plain, */*] and supported [application/json, application/*+json]
[32m2025-09-04 00:21:31.152[0;39m [TRACE] org.springframework.web.servlet.mvc.method.annotation.RequestResponseBodyMethodProcessor [http-nio-8080-exec-6] Writing [[UserDataDto(userdataId=1, userId=1, name=Rani, gender=Female, dateOfBirth=2003-03-23, email=rani123@example.com, contactNumber=9876543210, address=Nesapakkam,Chennai), UserDataDto(userdataId=2, userId=2, name=Vaishnavi, gender=Female, dateOfBirth=2003-03-23, email=vais23@example.com, contactNumber=7729401671, address=Bhandup,Mumbai), UserDataDto(userdataId=3, userId=3, name=Sree Ramya, gender=Female, dateOfBirth=2003-08-23, email=sreeramya23@example.com, contactNumber=9876567890, address=Chennai,India), UserDataDto(userdataId=4, userId=4, name=Sudiksha, gender=Female, dateOfBirth=2003-08-18, email=sudiksha23@example.com, contactNumber=9876541234, address=Pune,India), UserDataDto(userdataId=15, userId=15, name=Tripti, gender=Female, dateOfBirth=2025-08-02, email=tripti23@gmail.com, contactNumber=9876531230, address=Mumbai), UserDataDto(userdataId=16, userId=16, name=Payal, gender=Female, dateOfBirth=2025-02-05, email=payal12@gmail.com, contactNumber=1234567890, address=Chennai), UserDataDto(userdataId=17, userId=17, name=Tom, gender=Male, dateOfBirth=2025-06-11, email=tom12@gmail.com, contactNumber=9876543210, address=Chennai)]]
[32m2025-09-04 00:21:31.153[0;39m [DEBUG] org.springframework.web.servlet.DispatcherServlet [http-nio-8080-exec-6] Completed 200 OK
[32m2025-09-04 00:21:31.154[0;39m [DEBUG] org.springframework.security.web.FilterChainProxy [http-nio-8080-exec-3] Securing GET /userdata/allusers
[32m2025-09-04 00:21:31.176[0;39m [DEBUG] org.springframework.security.web.FilterChainProxy [http-nio-8080-exec-3] Secured GET /userdata/allusers
[32m2025-09-04 00:21:31.180[0;39m [DEBUG] org.springframework.web.servlet.DispatcherServlet [http-nio-8080-exec-3] GET "/userdata/allusers", parameters={}
[32m2025-09-04 00:21:31.181[0;39m [TRACE] org.springframework.web.servlet.mvc.method.annotation.RequestMappingHandlerMapping [http-nio-8080-exec-3] Mapped to com.hexaware.fastx_busticketsystem.controller.UserDataController#getAllUsers()
[32m2025-09-04 00:21:31.182[0;39m [DEBUG] org.springframework.security.authorization.method.AuthorizationManagerBeforeMethodInterceptor [http-nio-8080-exec-3] Authorizing method invocation ReflectiveMethodInvocation: public java.util.List com.hexaware.fastx_busticketsystem.controller.UserDataController.getAllUsers(); target is of class [com.hexaware.fastx_busticketsystem.controller.UserDataController]
[32m2025-09-04 00:21:31.182[0;39m [DEBUG] org.springframework.security.authorization.method.AuthorizationManagerBeforeMethodInterceptor [http-nio-8080-exec-3] Authorized method invocation ReflectiveMethodInvocation: public java.util.List com.hexaware.fastx_busticketsystem.controller.UserDataController.getAllUsers(); target is of class [com.hexaware.fastx_busticketsystem.controller.UserDataController]
[32m2025-09-04 00:21:31.205[0;39m [DEBUG] org.springframework.web.servlet.mvc.method.annotation.RequestResponseBodyMethodProcessor [http-nio-8080-exec-3] Using 'application/json', given [application/json, text/plain, */*] and supported [application/json, application/*+json]
[32m2025-09-04 00:21:31.205[0;39m [TRACE] org.springframework.web.servlet.mvc.method.annotation.RequestResponseBodyMethodProcessor [http-nio-8080-exec-3] Writing [[UserDataDto(userdataId=1, userId=1, name=Rani, gender=Female, dateOfBirth=2003-03-23, email=rani123@example.com, contactNumber=9876543210, address=Nesapakkam,Chennai), UserDataDto(userdataId=2, userId=2, name=Vaishnavi, gender=Female, dateOfBirth=2003-03-23, email=vais23@example.com, contactNumber=7729401671, address=Bhandup,Mumbai), UserDataDto(userdataId=3, userId=3, name=Sree Ramya, gender=Female, dateOfBirth=2003-08-23, email=sreeramya23@example.com, contactNumber=9876567890, address=Chennai,India), UserDataDto(userdataId=4, userId=4, name=Sudiksha, gender=Female, dateOfBirth=2003-08-18, email=sudiksha23@example.com, contactNumber=9876541234, address=Pune,India), UserDataDto(userdataId=15, userId=15, name=Tripti, gender=Female, dateOfBirth=2025-08-02, email=tripti23@gmail.com, contactNumber=9876531230, address=Mumbai), UserDataDto(userdataId=16, userId=16, name=Payal, gender=Female, dateOfBirth=2025-02-05, email=payal12@gmail.com, contactNumber=1234567890, address=Chennai), UserDataDto(userdataId=17, userId=17, name=Tom, gender=Male, dateOfBirth=2025-06-11, email=tom12@gmail.com, contactNumber=9876543210, address=Chennai)]]
[32m2025-09-04 00:21:31.207[0;39m [DEBUG] org.springframework.web.servlet.DispatcherServlet [http-nio-8080-exec-3] Completed 200 OK
[32m2025-09-04 00:21:41.312[0;39m [DEBUG] org.springframework.security.web.FilterChainProxy [http-nio-8080-exec-10] Securing OPTIONS /userdata/getuser/17
[32m2025-09-04 00:21:41.319[0;39m [DEBUG] org.springframework.security.web.FilterChainProxy [http-nio-8080-exec-9] Securing GET /userdata/getuser/17
[32m2025-09-04 00:21:41.339[0;39m [DEBUG] org.springframework.security.web.FilterChainProxy [http-nio-8080-exec-9] Secured GET /userdata/getuser/17
[32m2025-09-04 00:21:41.339[0;39m [DEBUG] org.springframework.web.servlet.DispatcherServlet [http-nio-8080-exec-9] GET "/userdata/getuser/17", parameters={}
[32m2025-09-04 00:21:41.339[0;39m [TRACE] org.springframework.web.servlet.mvc.method.annotation.RequestMappingHandlerMapping [http-nio-8080-exec-9] Mapped to com.hexaware.fastx_busticketsystem.controller.UserDataController#getUserById(int)
[32m2025-09-04 00:21:41.339[0;39m [DEBUG] org.springframework.security.authorization.method.AuthorizationManagerBeforeMethodInterceptor [http-nio-8080-exec-9] Authorizing method invocation ReflectiveMethodInvocation: public com.hexaware.fastx_busticketsystem.dto.UserDataDto com.hexaware.fastx_busticketsystem.controller.UserDataController.getUserById(int) throws com.hexaware.fastx_busticketsystem.exception.UserNotFoundException; target is of class [com.hexaware.fastx_busticketsystem.controller.UserDataController]
[32m2025-09-04 00:21:41.339[0;39m [DEBUG] org.springframework.security.authorization.method.AuthorizationManagerBeforeMethodInterceptor [http-nio-8080-exec-9] Authorized method invocation ReflectiveMethodInvocation: public com.hexaware.fastx_busticketsystem.dto.UserDataDto com.hexaware.fastx_busticketsystem.controller.UserDataController.getUserById(int) throws com.hexaware.fastx_busticketsystem.exception.UserNotFoundException; target is of class [com.hexaware.fastx_busticketsystem.controller.UserDataController]
[32m2025-09-04 00:21:41.354[0;39m [DEBUG] org.springframework.web.servlet.mvc.method.annotation.RequestResponseBodyMethodProcessor [http-nio-8080-exec-9] Using 'application/json', given [application/json, text/plain, */*] and supported [application/json, application/*+json]
[32m2025-09-04 00:21:41.354[0;39m [TRACE] org.springframework.web.servlet.mvc.method.annotation.RequestResponseBodyMethodProcessor [http-nio-8080-exec-9] Writing [UserDataDto(userdataId=17, userId=17, name=Tom, gender=Male, dateOfBirth=2025-06-11, email=tom12@gmail.com, contactNumber=9876543210, address=Chennai)]
[32m2025-09-04 00:21:41.354[0;39m [DEBUG] org.springframework.web.servlet.DispatcherServlet [http-nio-8080-exec-9] Completed 200 OK
[32m2025-09-04 01:05:07.417[0;39m [DEBUG] org.springframework.security.web.FilterChainProxy [http-nio-8080-exec-1] Securing OPTIONS /booking/bookings/summary
[32m2025-09-04 01:05:07.418[0;39m [DEBUG] org.springframework.security.web.FilterChainProxy [http-nio-8080-exec-2] Securing OPTIONS /booking/bookings/summary
[32m2025-09-04 01:05:07.425[0;39m [DEBUG] org.springframework.security.web.FilterChainProxy [http-nio-8080-exec-5] Securing GET /booking/bookings/summary
[32m2025-09-04 01:05:07.432[0;39m [DEBUG] org.springframework.security.web.authentication.AnonymousAuthenticationFilter [http-nio-8080-exec-5] Set SecurityContextHolder to anonymous SecurityContext
[32m2025-09-04 01:05:07.434[0;39m [DEBUG] org.springframework.security.web.authentication.Http403ForbiddenEntryPoint [http-nio-8080-exec-5] Pre-authenticated entry point called. Rejecting access
[32m2025-09-04 01:05:07.443[0;39m [TRACE] org.springframework.web.servlet.mvc.method.annotation.RequestMappingHandlerMapping [http-nio-8080-exec-5] 2 matching mappings: [{ [/error]}, { [/error], produces [text/html]}]
[32m2025-09-04 01:05:07.443[0;39m [DEBUG] org.springframework.security.web.FilterChainProxy [http-nio-8080-exec-5] Securing GET /error
[32m2025-09-04 01:05:07.443[0;39m [DEBUG] org.springframework.security.web.authentication.AnonymousAuthenticationFilter [http-nio-8080-exec-5] Set SecurityContextHolder to anonymous SecurityContext
[32m2025-09-04 01:05:07.443[0;39m [DEBUG] org.springframework.security.web.authentication.Http403ForbiddenEntryPoint [http-nio-8080-exec-5] Pre-authenticated entry point called. Rejecting access
[32m2025-09-04 01:05:07.448[0;39m [DEBUG] org.springframework.security.web.FilterChainProxy [http-nio-8080-exec-4] Securing GET /booking/bookings/summary
[32m2025-09-04 01:05:07.452[0;39m [DEBUG] org.springframework.security.web.authentication.AnonymousAuthenticationFilter [http-nio-8080-exec-4] Set SecurityContextHolder to anonymous SecurityContext
[32m2025-09-04 01:05:07.452[0;39m [DEBUG] org.springframework.security.web.authentication.Http403ForbiddenEntryPoint [http-nio-8080-exec-4] Pre-authenticated entry point called. Rejecting access
[32m2025-09-04 01:05:07.455[0;39m [TRACE] org.springframework.web.servlet.mvc.method.annotation.RequestMappingHandlerMapping [http-nio-8080-exec-4] 2 matching mappings: [{ [/error]}, { [/error], produces [text/html]}]
[32m2025-09-04 01:05:07.455[0;39m [DEBUG] org.springframework.security.web.FilterChainProxy [http-nio-8080-exec-4] Securing GET /error
[32m2025-09-04 01:05:07.455[0;39m [DEBUG] org.springframework.security.web.authentication.AnonymousAuthenticationFilter [http-nio-8080-exec-4] Set SecurityContextHolder to anonymous SecurityContext
[32m2025-09-04 01:05:07.456[0;39m [DEBUG] org.springframework.security.web.authentication.Http403ForbiddenEntryPoint [http-nio-8080-exec-4] Pre-authenticated entry point called. Rejecting access
[32m2025-09-04 01:06:27.650[0;39m [DEBUG] org.springframework.security.web.FilterChainProxy [http-nio-8080-exec-10] Securing OPTIONS /booking/bookings/summary
[32m2025-09-04 01:06:27.650[0;39m [DEBUG] org.springframework.security.web.FilterChainProxy [http-nio-8080-exec-9] Securing OPTIONS /booking/bookings/summary
[32m2025-09-04 01:06:27.656[0;39m [DEBUG] org.springframework.security.web.FilterChainProxy [http-nio-8080-exec-8] Securing GET /booking/bookings/summary
[32m2025-09-04 01:06:27.659[0;39m [DEBUG] org.springframework.security.web.authentication.AnonymousAuthenticationFilter [http-nio-8080-exec-8] Set SecurityContextHolder to anonymous SecurityContext
[32m2025-09-04 01:06:27.659[0;39m [DEBUG] org.springframework.security.web.authentication.Http403ForbiddenEntryPoint [http-nio-8080-exec-8] Pre-authenticated entry point called. Rejecting access
[32m2025-09-04 01:06:27.661[0;39m [TRACE] org.springframework.web.servlet.mvc.method.annotation.RequestMappingHandlerMapping [http-nio-8080-exec-8] 2 matching mappings: [{ [/error]}, { [/error], produces [text/html]}]
[32m2025-09-04 01:06:27.661[0;39m [DEBUG] org.springframework.security.web.FilterChainProxy [http-nio-8080-exec-8] Securing GET /error
[32m2025-09-04 01:06:27.661[0;39m [DEBUG] org.springframework.security.web.authentication.AnonymousAuthenticationFilter [http-nio-8080-exec-8] Set SecurityContextHolder to anonymous SecurityContext
[32m2025-09-04 01:06:27.662[0;39m [DEBUG] org.springframework.security.web.authentication.Http403ForbiddenEntryPoint [http-nio-8080-exec-8] Pre-authenticated entry point called. Rejecting access
[32m2025-09-04 01:06:27.665[0;39m [DEBUG] org.springframework.security.web.FilterChainProxy [http-nio-8080-exec-7] Securing GET /booking/bookings/summary
[32m2025-09-04 01:06:27.668[0;39m [DEBUG] org.springframework.security.web.authentication.AnonymousAuthenticationFilter [http-nio-8080-exec-7] Set SecurityContextHolder to anonymous SecurityContext
[32m2025-09-04 01:06:27.668[0;39m [DEBUG] org.springframework.security.web.authentication.Http403ForbiddenEntryPoint [http-nio-8080-exec-7] Pre-authenticated entry point called. Rejecting access
[32m2025-09-04 01:06:27.670[0;39m [TRACE] org.springframework.web.servlet.mvc.method.annotation.RequestMappingHandlerMapping [http-nio-8080-exec-7] 2 matching mappings: [{ [/error]}, { [/error], produces [text/html]}]
[32m2025-09-04 01:06:27.670[0;39m [DEBUG] org.springframework.security.web.FilterChainProxy [http-nio-8080-exec-7] Securing GET /error
[32m2025-09-04 01:06:27.670[0;39m [DEBUG] org.springframework.security.web.authentication.AnonymousAuthenticationFilter [http-nio-8080-exec-7] Set SecurityContextHolder to anonymous SecurityContext
[32m2025-09-04 01:06:27.670[0;39m [DEBUG] org.springframework.security.web.authentication.Http403ForbiddenEntryPoint [http-nio-8080-exec-7] Pre-authenticated entry point called. Rejecting access
[32m2025-09-04 01:06:42.203[0;39m [INFO] org.springframework.security.config.annotation.authentication.configuration.InitializeAuthenticationProviderBeanManagerConfigurer$InitializeAuthenticationProviderManagerConfigurer [main] Global AuthenticationManager configured with AuthenticationProvider bean with name authenticationProvider
[32m2025-09-04 01:06:42.205[0;39m [WARN] org.springframework.security.config.annotation.authentication.configuration.InitializeUserDetailsBeanManagerConfigurer$InitializeUserDetailsManagerConfigurer [main] Global AuthenticationManager configured with an AuthenticationProvider bean. UserDetailsService beans will not be used for username/password login. Consider removing the AuthenticationProvider bean. Alternatively, consider using the UserDetailsService in a manually instantiated DaoAuthenticationProvider.
[32m2025-09-04 01:06:42.450[0;39m [TRACE] org.springframework.web.servlet.mvc.method.annotation.RequestMappingHandlerMapping [main] 
	c.h.f.c.AdminController:
	{POST [/admin/register]}: registerAdmin(AdminLoginDto)
	{POST [/admin/login]}: loginAdmin(String,String)
[32m2025-09-04 01:06:42.457[0;39m [TRACE] org.springframework.web.servlet.mvc.method.annotation.RequestMappingHandlerMapping [main] 
	c.h.f.c.AuthController:
	{POST [/auth/register/admin]}: registerAdmin(AdminLoginDto)
	{POST [/auth/register/user]}: registerUser(UserLoginDto)
	{POST [/auth/login/admin]}: loginAdmin(JwtRequest)
	{POST [/auth/login/user]}: loginUser(JwtRequest)
	{POST [/auth/login/busoperator]}: loginBusOperator(JwtRequest)
	{POST [/auth/register/busoperator]}: registerBusOperator(BusOpLoginDto)
[32m2025-09-04 01:06:42.463[0;39m [TRACE] org.springframework.web.servlet.mvc.method.annotation.RequestMappingHandlerMapping [main] 
	c.h.f.c.BookingController:
	{POST [/booking/add]}: addBooking(BookingDto)
	{POST [/booking/book-seat]}: bookSeats(BookingDto)
	{GET [/booking/user/{userId}/summary]}: getBookingSummary(int)
	{GET [/booking/bookings]}: getAllBookings()
	{GET [/booking/get/{bookingId}]}: getBookingById(int)
	{DELETE [/booking/cancel/{bookingId}]}: cancelBooking(int)
	{GET [/booking/user/{userId}]}: getBookingsByUser(int)
	{GET [/booking/operator/{operatorId}]}: getBookingsByOperator(int)
	{PUT [/booking/refund/{bookingId}]}: refundBookingByOperator(int)
	{GET [/booking/bookings/summary]}: getAllBookingSummaries()
[32m2025-09-04 01:06:42.467[0;39m [TRACE] org.springframework.web.servlet.mvc.method.annotation.RequestMappingHandlerMapping [main] 
	c.h.f.c.BusAmenityController:
	{GET [/busamenity/getbyid/{id}]}: getBusAmenityById(int)
	{PUT [/busamenity/update]}: updateBusAmenity(BusAmenityDto)
	{DELETE [/busamenity/remove/{id}]}: removeBusAmenity(int)
	{POST [/busamenity/add]}: addBusAmenity(BusAmenityDto)
	{GET [/busamenity/all]}: getAllBusAmenities()
[32m2025-09-04 01:06:42.474[0;39m [TRACE] org.springframework.web.servlet.mvc.method.annotation.RequestMappingHandlerMapping [main] 
	c.h.f.c.BusController:
	{POST [/bus/add]}: addBus(BusDto)
	{GET [/bus/getallbus]}: getAllBuses()
	{PUT [/bus/update]}: updateBus(BusDto)
	{GET [/bus/available-seats/{tripId}]}: getAvailableSeats(int)
	{GET [/bus/getbusbyid/{id}]}: getBusById(int)
	{DELETE [/bus/delete/{id}]}: deleteBus(int)
	{GET [/bus/search/{origin}/{destination}/{date}]}: searchBuses(String,String,LocalDate)
	{GET [/bus/getbusbyoperator/{operatorId}]}: getBusesByOperatorId(int)
[32m2025-09-04 01:06:42.478[0;39m [TRACE] org.springframework.web.servlet.mvc.method.annotation.RequestMappingHandlerMapping [main] 
	c.h.f.c.BusOpDataController:
	{PUT [/busopdata/update]}: updateOperator(BusOpDataDto)
	{GET [/busopdata/getbyid/{operatorId}]}: getOperatorById(int)
	{GET [/busopdata/getall]}: getAllOperators()
	{POST [/busopdata/add]}: addOperatorData(BusOpDataDto)
	{DELETE [/busopdata/delete/{operatorId}]}: deleteOperator(int)
[32m2025-09-04 01:06:42.481[0;39m [TRACE] org.springframework.web.servlet.mvc.method.annotation.RequestMappingHandlerMapping [main] 
	c.h.f.c.BusOpLoginController:
	{POST [/busoplogin/register]}: register(BusOpLoginDto)
	{POST [/busoplogin/login]}: login(BusOpLoginDto)
	{GET [/busoplogin/exists/{username}]}: existsByUsername(String)
	{GET [/busoplogin/getbyname/{username}]}: getOperatorByUsername(String)
[32m2025-09-04 01:06:42.483[0;39m [TRACE] org.springframework.web.servlet.mvc.method.annotation.RequestMappingHandlerMapping [main] 
	c.h.f.c.PaymentController:
	{POST [/payment/make]}: makePayment(PaymentDto)
	{GET [/payment/getbyid/{paymentId}]}: getPaymentById(int)
	{PUT [/payment/refund/{paymentId}]}: refundPayment(int)
	{GET [/payment/booking/{bookingId}]}: getPaymentByBookingId(int)
[32m2025-09-04 01:06:42.485[0;39m [TRACE] org.springframework.web.servlet.mvc.method.annotation.RequestMappingHandlerMapping [main] 
	c.h.f.c.RouteController:
	{GET [/route/getall]}: getAllRoutes()
	{DELETE [/route/delete/{id}]}: deleteRoute(int)
	{GET [/route/getbyid/{id}]}: getRouteById(int)
	{PUT [/route/update]}: updateRoute(RouteDto)
	{POST [/route/add]}: addRoute(RouteDto)
[32m2025-09-04 01:06:42.488[0;39m [TRACE] org.springframework.web.servlet.mvc.method.annotation.RequestMappingHandlerMapping [main] 
	c.h.f.c.TicketController:
	{POST [/ticket/generate/{bookingId}]}: generateTicketFromBooking(int)
	{DELETE [/ticket/cancel-booking/{bookingId}]}: cancelBookingAndTickets(int)
	{GET [/ticket/booking/{bookingId}]}: getTicketsByBookingId(int)
	{GET [/ticket/all]}: getAllTickets()
	{GET [/ticket/{ticketId}]}: getTicketById(int)
[32m2025-09-04 01:06:42.490[0;39m [TRACE] org.springframework.web.servlet.mvc.method.annotation.RequestMappingHandlerMapping [main] 
	c.h.f.c.TripController:
	{GET [/trip/operator/{operatorId}]}: getTripsByBusOperator(int)
	{POST [/trip/addtrip]}: addTrip(TripDto)
	{PUT [/trip/updatetrip]}: updateTrip(TripDto)
	{GET [/trip/getalltrips]}: getAllTrips()
	{DELETE [/trip/delete/{tripId}]}: deleteTrip(int)
	{GET [/trip/getbyid/{tripId}]}: getTripById(int)
	{GET [/trip/route/{routeId}]}: getTripsByRoute(int)
[32m2025-09-04 01:06:42.493[0;39m [TRACE] org.springframework.web.servlet.mvc.method.annotation.RequestMappingHandlerMapping [main] 
	c.h.f.c.UserDataController:
	{DELETE [/userdata/deleteuser/{userId}]}: deleteUser(int)
	{PUT [/userdata/updateuser]}: updateUser(UserDataDto)
	{POST [/userdata/createuser]}: createUser(UserDataDto)
	{GET [/userdata/allusers]}: getAllUsers()
	{GET [/userdata/getuser/{userId}]}: getUserById(int)
[32m2025-09-04 01:06:42.495[0;39m [TRACE] org.springframework.web.servlet.mvc.method.annotation.RequestMappingHandlerMapping [main] 
	c.h.f.c.UserLoginController:
	{POST [/userlogin/register]}: register(UserLoginDto)
	{POST [/userlogin/login]}: login(String,String)
	{GET [/userlogin/id/{username}]}: getUserId(String)
[32m2025-09-04 01:06:42.497[0;39m [TRACE] org.springframework.web.servlet.mvc.method.annotation.RequestMappingHandlerMapping [main] 
	o.s.b.a.w.s.e.BasicErrorController:
	{ [/error]}: error(HttpServletRequest)
	{ [/error], produces [text/html]}: errorHtml(HttpServletRequest,HttpServletResponse)
[32m2025-09-04 01:06:42.503[0;39m [TRACE] org.springframework.web.servlet.mvc.method.annotation.RequestMappingHandlerMapping [main] 
	o.s.w.a.OpenApiWebMvcResource:
	{GET [/api-docs.yaml], produces [application/vnd.oai.openapi]}: openapiYaml(HttpServletRequest,String,Locale)
	{GET [/api-docs], produces [application/json]}: openapiJson(HttpServletRequest,String,Locale)
[32m2025-09-04 01:06:42.504[0;39m [TRACE] org.springframework.web.servlet.mvc.method.annotation.RequestMappingHandlerMapping [main] 
	o.s.w.u.SwaggerWelcomeWebMvc:
	{GET [/swagger]}: redirectToUi(HttpServletRequest)
[32m2025-09-04 01:06:42.505[0;39m [TRACE] org.springframework.web.servlet.mvc.method.annotation.RequestMappingHandlerMapping [main] 
	o.s.w.u.SwaggerConfigResource:
	{GET [/api-docs/swagger-config], produces [application/json]}: openapiJson(HttpServletRequest)
[32m2025-09-04 01:06:42.508[0;39m [DEBUG] org.springframework.web.servlet.mvc.method.annotation.RequestMappingHandlerMapping [main] 75 mappings in 'requestMappingHandlerMapping'
[32m2025-09-04 01:06:42.590[0;39m [DEBUG] org.springframework.web.servlet.handler.SimpleUrlHandlerMapping [main] Patterns [/webjars/**, /**, /swagger-ui*/*swagger-initializer.js, /swagger-ui*/**] in 'resourceHandlerMapping'
[32m2025-09-04 01:06:42.630[0;39m [DEBUG] org.springframework.security.web.DefaultSecurityFilterChain [main] Will secure any request with filters: DisableEncodeUrlFilter, WebAsyncManagerIntegrationFilter, SecurityContextHolderFilter, HeaderWriterFilter, CorsFilter, LogoutFilter, JwtAuthFilter, RequestCacheAwareFilter, SecurityContextHolderAwareRequestFilter, AnonymousAuthenticationFilter, SessionManagementFilter, ExceptionTranslationFilter, AuthorizationFilter
[32m2025-09-04 01:06:42.739[0;39m [DEBUG] org.springframework.web.servlet.mvc.method.annotation.RequestMappingHandlerAdapter [main] ControllerAdvice beans: 0 @ModelAttribute, 0 @InitBinder, 1 RequestBodyAdvice, 1 ResponseBodyAdvice
[32m2025-09-04 01:06:42.776[0;39m [DEBUG] org.springframework.web.servlet.mvc.method.annotation.ExceptionHandlerExceptionResolver [main] ControllerAdvice beans: 2 @ExceptionHandler, 1 ResponseBodyAdvice
[32m2025-09-04 01:06:54.814[0;39m [INFO] org.springframework.web.servlet.DispatcherServlet [http-nio-8080-exec-2] Initializing Servlet 'dispatcherServlet'
[32m2025-09-04 01:06:54.821[0;39m [DEBUG] org.springframework.web.servlet.DispatcherServlet [http-nio-8080-exec-2] Detected StandardServletMultipartResolver
[32m2025-09-04 01:06:54.821[0;39m [DEBUG] org.springframework.web.servlet.DispatcherServlet [http-nio-8080-exec-2] Detected AcceptHeaderLocaleResolver
[32m2025-09-04 01:06:54.821[0;39m [DEBUG] org.springframework.web.servlet.DispatcherServlet [http-nio-8080-exec-2] Detected FixedThemeResolver
[32m2025-09-04 01:06:54.821[0;39m [DEBUG] org.springframework.web.servlet.DispatcherServlet [http-nio-8080-exec-2] Detected org.springframework.web.servlet.view.DefaultRequestToViewNameTranslator@1c1b9de9
[32m2025-09-04 01:06:54.821[0;39m [DEBUG] org.springframework.web.servlet.DispatcherServlet [http-nio-8080-exec-2] Detected org.springframework.web.servlet.support.SessionFlashMapManager@68628510
[32m2025-09-04 01:06:54.821[0;39m [DEBUG] org.springframework.web.servlet.DispatcherServlet [http-nio-8080-exec-2] enableLoggingRequestDetails='false': request parameters and headers will be masked to prevent unsafe logging of potentially sensitive data
[32m2025-09-04 01:06:54.828[0;39m [INFO] org.springframework.web.servlet.DispatcherServlet [http-nio-8080-exec-2] Completed initialization in 7 ms
[32m2025-09-04 01:06:54.870[0;39m [DEBUG] org.springframework.security.web.FilterChainProxy [http-nio-8080-exec-2] Securing OPTIONS /auth/login/admin
[32m2025-09-04 01:06:54.899[0;39m [DEBUG] org.springframework.security.web.FilterChainProxy [http-nio-8080-exec-3] Securing POST /auth/login/admin
[32m2025-09-04 01:06:54.899[0;39m [DEBUG] org.springframework.security.web.authentication.AnonymousAuthenticationFilter [http-nio-8080-exec-3] Set SecurityContextHolder to anonymous SecurityContext
[32m2025-09-04 01:06:54.899[0;39m [DEBUG] org.springframework.security.web.FilterChainProxy [http-nio-8080-exec-3] Secured POST /auth/login/admin
[32m2025-09-04 01:06:54.899[0;39m [DEBUG] org.springframework.web.servlet.DispatcherServlet [http-nio-8080-exec-3] POST "/auth/login/admin", parameters={}
[32m2025-09-04 01:06:54.899[0;39m [TRACE] org.springframework.web.servlet.mvc.method.annotation.RequestMappingHandlerMapping [http-nio-8080-exec-3] Mapped to com.hexaware.fastx_busticketsystem.controller.AuthController#loginAdmin(JwtRequest)
[32m2025-09-04 01:06:54.999[0;39m [TRACE] org.springframework.web.servlet.mvc.method.annotation.RequestResponseBodyMethodProcessor [http-nio-8080-exec-3] Read "application/json;charset=UTF-8" to [com.hexaware.fastx_busticketsystem.dto.JwtRequest@6cf76f70]
[32m2025-09-04 01:06:55.687[0;39m [DEBUG] org.springframework.web.servlet.mvc.method.annotation.HttpEntityMethodProcessor [http-nio-8080-exec-3] Using 'application/json', given [application/json, text/plain, */*] and supported [text/plain, */*, application/json, application/*+json]
[32m2025-09-04 01:06:55.687[0;39m [TRACE] org.springframework.web.servlet.mvc.method.annotation.HttpEntityMethodProcessor [http-nio-8080-exec-3] Writing ["eyJhbGciOiJIUzI1NiJ9.eyJyb2xlIjpbeyJhdXRob3JpdHkiOiJST0xFX0FETUlOIn1dLCJzdWIiOiJTdW1ldGhhIiwiaWF0IjoxNzU2OTI4MjE1LCJleHAiOjE3NTY5MzE4MTV9.5PfeNq5HeKIFBywSV3RrLFYYtaWKYJBP1XLU7UwIoHY"]
[32m2025-09-04 01:06:55.687[0;39m [DEBUG] org.springframework.web.servlet.DispatcherServlet [http-nio-8080-exec-3] Completed 200 OK
[32m2025-09-04 01:06:57.519[0;39m [DEBUG] org.springframework.security.web.FilterChainProxy [http-nio-8080-exec-5] Securing OPTIONS /booking/bookings/summary
[32m2025-09-04 01:06:57.520[0;39m [DEBUG] org.springframework.security.web.FilterChainProxy [http-nio-8080-exec-6] Securing OPTIONS /booking/bookings/summary
[32m2025-09-04 01:06:57.524[0;39m [DEBUG] org.springframework.security.web.FilterChainProxy [http-nio-8080-exec-9] Securing GET /booking/bookings/summary
[32m2025-09-04 01:06:57.650[0;39m [DEBUG] org.springframework.security.web.FilterChainProxy [http-nio-8080-exec-9] Secured GET /booking/bookings/summary
[32m2025-09-04 01:06:57.650[0;39m [DEBUG] org.springframework.web.servlet.DispatcherServlet [http-nio-8080-exec-9] GET "/booking/bookings/summary", parameters={}
[32m2025-09-04 01:06:57.650[0;39m [TRACE] org.springframework.web.servlet.mvc.method.annotation.RequestMappingHandlerMapping [http-nio-8080-exec-9] Mapped to com.hexaware.fastx_busticketsystem.controller.BookingController#getAllBookingSummaries()
[32m2025-09-04 01:06:57.650[0;39m [DEBUG] org.springframework.security.authorization.method.AuthorizationManagerBeforeMethodInterceptor [http-nio-8080-exec-9] Authorizing method invocation ReflectiveMethodInvocation: public java.util.List com.hexaware.fastx_busticketsystem.controller.BookingController.getAllBookingSummaries(); target is of class [com.hexaware.fastx_busticketsystem.controller.BookingController]
[32m2025-09-04 01:06:57.665[0;39m [DEBUG] org.springframework.security.authorization.method.AuthorizationManagerBeforeMethodInterceptor [http-nio-8080-exec-9] Authorized method invocation ReflectiveMethodInvocation: public java.util.List com.hexaware.fastx_busticketsystem.controller.BookingController.getAllBookingSummaries(); target is of class [com.hexaware.fastx_busticketsystem.controller.BookingController]
[32m2025-09-04 01:06:57.844[0;39m [DEBUG] org.springframework.web.servlet.mvc.method.annotation.RequestResponseBodyMethodProcessor [http-nio-8080-exec-9] Using 'application/json', given [application/json, text/plain, */*] and supported [application/json, application/*+json]
[32m2025-09-04 01:06:57.844[0;39m [TRACE] org.springframework.web.servlet.mvc.method.annotation.RequestResponseBodyMethodProcessor [http-nio-8080-exec-9] Writing [[com.hexaware.fastx_busticketsystem.dto.BookingSummaryDTO@1d59f863, com.hexaware.fastx_busticketsystem.dto.BookingSummaryDTO@beaabc4, com.hexaware.fastx_busticketsystem.dto.BookingSummaryDTO@3f9f792d, com.hexaware.fastx_busticketsystem.dto.BookingSummaryDTO@4de15fd9, com.hexaware.fastx_busticketsystem.dto.BookingSummaryDTO@1f292ce6, com.hexaware.fastx_busticketsystem.dto.BookingSummaryDTO@4143104c, com.hexaware.fastx_busticketsystem.dto.BookingSummaryDTO@5d14f58, com.hexaware.fastx_busticketsystem.dto.BookingSummaryDTO@4289c7ac, com.hexaware.fastx_busticketsystem.dto.BookingSummaryDTO@14919d07, com.hexaware.fastx_busticketsystem.dto.BookingSummaryDTO@4d892ea9, com.hexaware.fastx_busticketsystem.dto.BookingSummaryDTO@42ad13cf, com.hexaware.fastx_busticketsystem.dto.BookingSummaryDTO@4e150891, com.hexaware.fastx_busticketsystem.dto.BookingSummaryDTO@56f4ddf1, com.hexaware.fastx_busticketsystem.dto.BookingSummaryDTO@528c5de0, com.hexaware.fastx_busticketsystem.dto.BookingSummaryDTO@78950f15, com.hexaware.fastx_busticketsystem.dto.BookingSummaryDTO@1e22d116, com.hexaware.fastx_busticketsystem.dto.BookingSummaryDTO@6e498c76, com.hexaware.fastx_busticketsystem.dto.BookingSummaryDTO@5e1aaf02, com.hexaware.fastx_busticketsystem.dto.BookingSummaryDTO@e27fe73, com.hexaware.fastx_busticketsystem.dto.BookingSummaryDTO@60534c0, com.hexaware.fastx_busticketsystem.dto.BookingSummaryDTO@248d324a, com.hexaware.fastx_busticketsystem.dto.BookingSummaryDTO@2fe4eb66, com.hexaware.fastx_busticketsystem.dto.BookingSummaryDTO@1e015c8f, com.hexaware.fastx_busticketsystem.dto.BookingSummaryDTO@310dc8bb]]
[32m2025-09-04 01:06:57.938[0;39m [DEBUG] org.springframework.web.servlet.DispatcherServlet [http-nio-8080-exec-9] Completed 200 OK
[32m2025-09-04 01:06:57.938[0;39m [DEBUG] org.springframework.security.web.FilterChainProxy [http-nio-8080-exec-7] Securing GET /booking/bookings/summary
[32m2025-09-04 01:06:57.965[0;39m [DEBUG] org.springframework.security.web.FilterChainProxy [http-nio-8080-exec-7] Secured GET /booking/bookings/summary
[32m2025-09-04 01:06:57.965[0;39m [DEBUG] org.springframework.web.servlet.DispatcherServlet [http-nio-8080-exec-7] GET "/booking/bookings/summary", parameters={}
[32m2025-09-04 01:06:57.970[0;39m [TRACE] org.springframework.web.servlet.mvc.method.annotation.RequestMappingHandlerMapping [http-nio-8080-exec-7] Mapped to com.hexaware.fastx_busticketsystem.controller.BookingController#getAllBookingSummaries()
[32m2025-09-04 01:06:57.971[0;39m [DEBUG] org.springframework.security.authorization.method.AuthorizationManagerBeforeMethodInterceptor [http-nio-8080-exec-7] Authorizing method invocation ReflectiveMethodInvocation: public java.util.List com.hexaware.fastx_busticketsystem.controller.BookingController.getAllBookingSummaries(); target is of class [com.hexaware.fastx_busticketsystem.controller.BookingController]
[32m2025-09-04 01:06:57.972[0;39m [DEBUG] org.springframework.security.authorization.method.AuthorizationManagerBeforeMethodInterceptor [http-nio-8080-exec-7] Authorized method invocation ReflectiveMethodInvocation: public java.util.List com.hexaware.fastx_busticketsystem.controller.BookingController.getAllBookingSummaries(); target is of class [com.hexaware.fastx_busticketsystem.controller.BookingController]
[32m2025-09-04 01:06:58.053[0;39m [DEBUG] org.springframework.web.servlet.mvc.method.annotation.RequestResponseBodyMethodProcessor [http-nio-8080-exec-7] Using 'application/json', given [application/json, text/plain, */*] and supported [application/json, application/*+json]
[32m2025-09-04 01:06:58.053[0;39m [TRACE] org.springframework.web.servlet.mvc.method.annotation.RequestResponseBodyMethodProcessor [http-nio-8080-exec-7] Writing [[com.hexaware.fastx_busticketsystem.dto.BookingSummaryDTO@5c2c5df8, com.hexaware.fastx_busticketsystem.dto.BookingSummaryDTO@4d3756da, com.hexaware.fastx_busticketsystem.dto.BookingSummaryDTO@6d6ce7f1, com.hexaware.fastx_busticketsystem.dto.BookingSummaryDTO@39332a44, com.hexaware.fastx_busticketsystem.dto.BookingSummaryDTO@74e7307, com.hexaware.fastx_busticketsystem.dto.BookingSummaryDTO@70b864b2, com.hexaware.fastx_busticketsystem.dto.BookingSummaryDTO@7ae1463b, com.hexaware.fastx_busticketsystem.dto.BookingSummaryDTO@5a203229, com.hexaware.fastx_busticketsystem.dto.BookingSummaryDTO@2e02a421, com.hexaware.fastx_busticketsystem.dto.BookingSummaryDTO@1dacd8a7, com.hexaware.fastx_busticketsystem.dto.BookingSummaryDTO@6d8c85b7, com.hexaware.fastx_busticketsystem.dto.BookingSummaryDTO@36664355, com.hexaware.fastx_busticketsystem.dto.BookingSummaryDTO@dfeca14, com.hexaware.fastx_busticketsystem.dto.BookingSummaryDTO@766c52ec, com.hexaware.fastx_busticketsystem.dto.BookingSummaryDTO@7fc4c0ab, com.hexaware.fastx_busticketsystem.dto.BookingSummaryDTO@7bbc58ed, com.hexaware.fastx_busticketsystem.dto.BookingSummaryDTO@6993e4, com.hexaware.fastx_busticketsystem.dto.BookingSummaryDTO@14865a37, com.hexaware.fastx_busticketsystem.dto.BookingSummaryDTO@4d1e0194, com.hexaware.fastx_busticketsystem.dto.BookingSummaryDTO@54fc43ea, com.hexaware.fastx_busticketsystem.dto.BookingSummaryDTO@18461c22, com.hexaware.fastx_busticketsystem.dto.BookingSummaryDTO@3e37baff, com.hexaware.fastx_busticketsystem.dto.BookingSummaryDTO@3981e0c, com.hexaware.fastx_busticketsystem.dto.BookingSummaryDTO@354dee86]]
[32m2025-09-04 01:06:58.101[0;39m [DEBUG] org.springframework.web.servlet.DispatcherServlet [http-nio-8080-exec-7] Completed 200 OK
